[debug] [2024-10-29T07:36:34.189Z] ----------------------------------------------------------------------
[debug] [2024-10-29T07:36:34.191Z] Command:       C:\Program Files\nodejs\node.exe C:\Users\Lenovo\AppData\Roaming\npm\node_modules\firebase-tools\lib\bin\firebase.js init
[debug] [2024-10-29T07:36:34.191Z] CLI Version:   13.23.0
[debug] [2024-10-29T07:36:34.191Z] Platform:      win32
[debug] [2024-10-29T07:36:34.191Z] Node Version:  v22.4.1
[debug] [2024-10-29T07:36:34.191Z] Time:          Tue Oct 29 2024 13:06:34 GMT+0530 (India Standard Time)
[debug] [2024-10-29T07:36:34.191Z] ----------------------------------------------------------------------
[debug] 
[debug] [2024-10-29T07:36:34.198Z] > command requires scopes: ["email","openid","https://www.googleapis.com/auth/cloudplatformprojects.readonly","https://www.googleapis.com/auth/firebase","https://www.googleapis.com/auth/cloud-platform"]
[debug] [2024-10-29T07:36:34.198Z] > authorizing via signed-in user (kodikaragelahiru@gmail.com)
[info] 
     ######## #### ########  ######## ########     ###     ######  ########
     ##        ##  ##     ## ##       ##     ##  ##   ##  ##       ##
     ######    ##  ########  ######   ########  #########  ######  ######
     ##        ##  ##    ##  ##       ##     ## ##     ##       ## ##
     ##       #### ##     ## ######## ########  ##     ##  ######  ########

You're about to initialize a Firebase project in this directory:

  C:\Users\Lenovo\IdeaProjects\IT-Assignment_06

[info] 
=== Project Setup
[info] 
[info] First, let's associate this project directory with a Firebase project.
[info] You can create multiple project aliases by running firebase use --add, 
[info] but for now we'll just set up a default project.
[info] 
[debug] [2024-10-29T07:36:47.914Z] Checked if tokens are valid: false, expires at: 1730182219535
[debug] [2024-10-29T07:36:47.914Z] Checked if tokens are valid: false, expires at: 1730182219535
[debug] [2024-10-29T07:36:47.915Z] > refreshing access token with scopes: []
[debug] [2024-10-29T07:36:47.917Z] >>> [apiv2][query] POST https://www.googleapis.com/oauth2/v3/token [none]
[debug] [2024-10-29T07:36:47.917Z] >>> [apiv2][body] POST https://www.googleapis.com/oauth2/v3/token [omitted]
[debug] [2024-10-29T07:36:48.448Z] <<< [apiv2][status] POST https://www.googleapis.com/oauth2/v3/token 200
[debug] [2024-10-29T07:36:48.448Z] <<< [apiv2][body] POST https://www.googleapis.com/oauth2/v3/token [omitted]
[debug] [2024-10-29T07:36:48.459Z] >>> [apiv2][query] GET https://firebase.googleapis.com/v1beta1/projects pageSize=100
[debug] [2024-10-29T07:36:49.530Z] <<< [apiv2][status] GET https://firebase.googleapis.com/v1beta1/projects 200
[debug] [2024-10-29T07:36:49.530Z] <<< [apiv2][body] GET https://firebase.googleapis.com/v1beta1/projects [omitted]
